mode: set
github.com/owulveryck/toscalib/tosca_namespace_alias.go:94.78,97.16 3 0
github.com/owulveryck/toscalib/tosca_namespace_alias.go:101.2,102.22 2 0
github.com/owulveryck/toscalib/tosca_namespace_alias.go:106.2,107.16 2 0
github.com/owulveryck/toscalib/tosca_namespace_alias.go:110.2,110.23 1 0
github.com/owulveryck/toscalib/tosca_namespace_alias.go:117.2,118.12 2 0
github.com/owulveryck/toscalib/tosca_namespace_alias.go:97.16,99.3 1 0
github.com/owulveryck/toscalib/tosca_namespace_alias.go:102.22,104.3 1 0
github.com/owulveryck/toscalib/tosca_namespace_alias.go:107.16,109.3 1 0
github.com/owulveryck/toscalib/tosca_namespace_alias.go:110.23,113.33 2 0
github.com/owulveryck/toscalib/tosca_namespace_alias.go:113.33,115.4 1 0
github.com/owulveryck/toscalib/tosca_namespace_alias.go:125.55,127.46 1 1
github.com/owulveryck/toscalib/tosca_namespace_alias.go:131.2,133.16 3 1
github.com/owulveryck/toscalib/tosca_namespace_alias.go:136.2,142.9 5 1
github.com/owulveryck/toscalib/tosca_namespace_alias.go:127.46,129.3 1 1
github.com/owulveryck/toscalib/tosca_namespace_alias.go:133.16,135.3 1 1
github.com/owulveryck/toscalib/tosca_namespace_alias.go:143.2,156.38 3 1
github.com/owulveryck/toscalib/tosca_namespace_alias.go:157.2,165.43 3 1
github.com/owulveryck/toscalib/tosca_namespace_alias.go:166.2,177.53 3 1
github.com/owulveryck/toscalib/tosca_namespace_alias.go:178.2,179.48 1 1
github.com/owulveryck/toscalib/tosca_reusable_modeling_definitions.go:30.64,30.79 1 0
github.com/owulveryck/toscalib/tosca_reusable_modeling_definitions.go:33.92,36.16 3 0
github.com/owulveryck/toscalib/tosca_reusable_modeling_definitions.go:40.2,41.26 2 0
github.com/owulveryck/toscalib/tosca_reusable_modeling_definitions.go:45.2,45.24 1 0
github.com/owulveryck/toscalib/tosca_reusable_modeling_definitions.go:51.2,51.12 1 0
github.com/owulveryck/toscalib/tosca_reusable_modeling_definitions.go:36.16,38.3 1 0
github.com/owulveryck/toscalib/tosca_reusable_modeling_definitions.go:41.26,43.3 1 0
github.com/owulveryck/toscalib/tosca_reusable_modeling_definitions.go:46.2,46.158 0 0
github.com/owulveryck/toscalib/tosca_reusable_modeling_definitions.go:47.2,48.46 1 0
github.com/owulveryck/toscalib/tosca_reusable_modeling_definitions.go:239.56,242.2 2 0
github.com/owulveryck/toscalib/tosca_reusable_modeling_definitions.go:245.57,248.2 2 0
github.com/owulveryck/toscalib/dotdisplay.go:10.80,15.82 4 1
github.com/owulveryck/toscalib/dotdisplay.go:24.2,25.27 2 1
github.com/owulveryck/toscalib/dotdisplay.go:36.2,37.12 2 1
github.com/owulveryck/toscalib/dotdisplay.go:15.82,23.3 5 1
github.com/owulveryck/toscalib/dotdisplay.go:25.27,26.28 1 1
github.com/owulveryck/toscalib/dotdisplay.go:26.28,27.37 1 1
github.com/owulveryck/toscalib/dotdisplay.go:27.37,33.5 5 1
github.com/owulveryck/toscalib/dotdisplay.go:43.62,47.77 4 1
github.com/owulveryck/toscalib/dotdisplay.go:50.2,52.80 3 1
github.com/owulveryck/toscalib/dotdisplay.go:55.2,56.82 2 1
github.com/owulveryck/toscalib/dotdisplay.go:127.2,129.31 3 1
github.com/owulveryck/toscalib/dotdisplay.go:47.77,49.3 1 1
github.com/owulveryck/toscalib/dotdisplay.go:52.80,54.3 1 1
github.com/owulveryck/toscalib/dotdisplay.go:56.82,60.35 2 1
github.com/owulveryck/toscalib/dotdisplay.go:68.3,68.37 1 1
github.com/owulveryck/toscalib/dotdisplay.go:84.3,85.37 2 1
github.com/owulveryck/toscalib/dotdisplay.go:96.3,103.37 3 1
github.com/owulveryck/toscalib/dotdisplay.go:118.3,118.35 1 1
github.com/owulveryck/toscalib/dotdisplay.go:60.35,62.48 2 1
github.com/owulveryck/toscalib/dotdisplay.go:65.4,65.53 1 1
github.com/owulveryck/toscalib/dotdisplay.go:62.48,64.5 1 1
github.com/owulveryck/toscalib/dotdisplay.go:68.37,72.68 4 1
github.com/owulveryck/toscalib/dotdisplay.go:81.4,81.42 1 1
github.com/owulveryck/toscalib/dotdisplay.go:72.68,73.54 1 1
github.com/owulveryck/toscalib/dotdisplay.go:73.54,74.43 1 1
github.com/owulveryck/toscalib/dotdisplay.go:77.6,78.82 2 1
github.com/owulveryck/toscalib/dotdisplay.go:74.43,76.7 1 1
github.com/owulveryck/toscalib/dotdisplay.go:85.37,88.52 3 1
github.com/owulveryck/toscalib/dotdisplay.go:88.52,89.42 1 1
github.com/owulveryck/toscalib/dotdisplay.go:92.5,93.79 2 1
github.com/owulveryck/toscalib/dotdisplay.go:89.42,91.6 1 1
github.com/owulveryck/toscalib/dotdisplay.go:103.37,104.68 1 1
github.com/owulveryck/toscalib/dotdisplay.go:104.68,105.82 1 1
github.com/owulveryck/toscalib/dotdisplay.go:105.82,106.127 1 1
github.com/owulveryck/toscalib/dotdisplay.go:106.127,108.7 1 1
github.com/owulveryck/toscalib/dotdisplay.go:108.7,112.7 1 1
github.com/owulveryck/toscalib/dotdisplay.go:118.35,119.60 1 1
github.com/owulveryck/toscalib/dotdisplay.go:119.60,120.85 1 1
github.com/owulveryck/toscalib/dotdisplay.go:120.85,122.6 1 1
github.com/owulveryck/toscalib/normative_definitions.go:51.60,53.16 2 0
github.com/owulveryck/toscalib/normative_definitions.go:57.2,61.16 4 0
github.com/owulveryck/toscalib/normative_definitions.go:64.2,64.18 1 0
github.com/owulveryck/toscalib/normative_definitions.go:68.2,68.25 1 0
github.com/owulveryck/toscalib/normative_definitions.go:53.16,55.3 1 0
github.com/owulveryck/toscalib/normative_definitions.go:61.16,63.3 1 0
github.com/owulveryck/toscalib/normative_definitions.go:64.18,66.3 1 0
github.com/owulveryck/toscalib/normative_definitions.go:83.41,85.2 1 0
github.com/owulveryck/toscalib/normative_definitions.go:86.40,88.2 1 0
github.com/owulveryck/toscalib/normative_definitions.go:89.46,91.2 1 0
github.com/owulveryck/toscalib/normative_definitions.go:92.47,94.2 1 0
github.com/owulveryck/toscalib/normative_definitions.go:95.40,97.2 1 0
github.com/owulveryck/toscalib/normative_definitions.go:98.45,100.2 1 0
github.com/owulveryck/toscalib/normative_definitions.go:104.58,109.2 1 0
github.com/owulveryck/toscalib/normative_definitions.go:111.53,113.16 2 0
github.com/owulveryck/toscalib/normative_definitions.go:117.2,119.15 3 0
github.com/owulveryck/toscalib/normative_definitions.go:113.16,115.3 1 0
github.com/owulveryck/toscalib/normative_definitions.go:124.56,129.2 1 0
github.com/owulveryck/toscalib/normative_definitions.go:131.51,133.16 2 0
github.com/owulveryck/toscalib/normative_definitions.go:137.2,139.15 3 0
github.com/owulveryck/toscalib/normative_definitions.go:133.16,135.3 1 0
github.com/owulveryck/toscalib/normative_definitions.go:144.55,149.2 1 0
github.com/owulveryck/toscalib/normative_definitions.go:151.50,153.16 2 0
github.com/owulveryck/toscalib/normative_definitions.go:157.2,159.15 3 0
github.com/owulveryck/toscalib/normative_definitions.go:153.16,155.3 1 0
github.com/owulveryck/toscalib/normative_definitions.go:164.60,169.2 1 0
github.com/owulveryck/toscalib/normative_definitions.go:171.55,173.16 2 0
github.com/owulveryck/toscalib/normative_definitions.go:177.2,179.15 3 0
github.com/owulveryck/toscalib/normative_definitions.go:173.16,175.3 1 0
github.com/owulveryck/toscalib/normative_definitions.go:184.63,189.2 1 0
github.com/owulveryck/toscalib/normative_definitions.go:191.58,193.16 2 0
github.com/owulveryck/toscalib/normative_definitions.go:197.2,199.15 3 0
github.com/owulveryck/toscalib/normative_definitions.go:193.16,195.3 1 0
github.com/owulveryck/toscalib/normative_definitions.go:204.61,209.2 1 0
github.com/owulveryck/toscalib/normative_definitions.go:211.56,213.16 2 0
github.com/owulveryck/toscalib/normative_definitions.go:217.2,219.15 3 0
github.com/owulveryck/toscalib/normative_definitions.go:213.16,215.3 1 0
github.com/owulveryck/toscalib/normative_definitions.go:224.62,229.2 1 0
github.com/owulveryck/toscalib/normative_definitions.go:231.57,233.16 2 0
github.com/owulveryck/toscalib/normative_definitions.go:237.2,239.15 3 0
github.com/owulveryck/toscalib/normative_definitions.go:233.16,235.3 1 0
github.com/owulveryck/toscalib/normative_definitions.go:244.51,249.2 1 0
github.com/owulveryck/toscalib/normative_definitions.go:251.46,253.16 2 0
github.com/owulveryck/toscalib/normative_definitions.go:257.2,259.15 3 0
github.com/owulveryck/toscalib/normative_definitions.go:253.16,255.3 1 0
github.com/owulveryck/toscalib/normative_definitions.go:264.62,269.2 1 0
github.com/owulveryck/toscalib/normative_definitions.go:271.57,273.16 2 0
github.com/owulveryck/toscalib/normative_definitions.go:277.2,279.15 3 0
github.com/owulveryck/toscalib/normative_definitions.go:273.16,275.3 1 0
github.com/owulveryck/toscalib/normative_definitions.go:284.51,289.2 1 0
github.com/owulveryck/toscalib/normative_definitions.go:291.46,293.16 2 0
github.com/owulveryck/toscalib/normative_definitions.go:297.2,299.15 3 0
github.com/owulveryck/toscalib/normative_definitions.go:293.16,295.3 1 0
github.com/owulveryck/toscalib/normative_definitions.go:304.55,309.2 1 0
github.com/owulveryck/toscalib/normative_definitions.go:311.50,313.16 2 0
github.com/owulveryck/toscalib/normative_definitions.go:317.2,319.15 3 0
github.com/owulveryck/toscalib/normative_definitions.go:313.16,315.3 1 0
github.com/owulveryck/toscalib/normative_definitions.go:324.66,329.2 1 0
github.com/owulveryck/toscalib/normative_definitions.go:331.61,333.16 2 0
github.com/owulveryck/toscalib/normative_definitions.go:337.2,339.15 3 0
github.com/owulveryck/toscalib/normative_definitions.go:333.16,335.3 1 0
github.com/owulveryck/toscalib/normative_definitions.go:344.66,349.2 1 0
github.com/owulveryck/toscalib/normative_definitions.go:351.61,353.16 2 0
github.com/owulveryck/toscalib/normative_definitions.go:357.2,359.15 3 0
github.com/owulveryck/toscalib/normative_definitions.go:353.16,355.3 1 0
github.com/owulveryck/toscalib/normative_definitions.go:364.52,369.2 1 0
github.com/owulveryck/toscalib/normative_definitions.go:371.47,373.16 2 0
github.com/owulveryck/toscalib/normative_definitions.go:377.2,379.15 3 0
github.com/owulveryck/toscalib/normative_definitions.go:373.16,375.3 1 0
github.com/owulveryck/toscalib/normative_definitions.go:384.47,389.2 1 0
github.com/owulveryck/toscalib/normative_definitions.go:391.42,393.16 2 0
github.com/owulveryck/toscalib/normative_definitions.go:397.2,399.15 3 0
github.com/owulveryck/toscalib/normative_definitions.go:393.16,395.3 1 0
github.com/owulveryck/toscalib/normative_definitions.go:404.60,409.2 1 0
github.com/owulveryck/toscalib/normative_definitions.go:411.55,413.16 2 0
github.com/owulveryck/toscalib/normative_definitions.go:417.2,419.15 3 0
github.com/owulveryck/toscalib/normative_definitions.go:413.16,415.3 1 0
github.com/owulveryck/toscalib/normative_definitions.go:424.56,429.2 1 0
github.com/owulveryck/toscalib/normative_definitions.go:431.51,433.16 2 0
github.com/owulveryck/toscalib/normative_definitions.go:437.2,439.15 3 0
github.com/owulveryck/toscalib/normative_definitions.go:433.16,435.3 1 0
github.com/owulveryck/toscalib/normative_definitions.go:444.44,449.2 1 0
github.com/owulveryck/toscalib/normative_definitions.go:451.39,453.16 2 0
github.com/owulveryck/toscalib/normative_definitions.go:457.2,459.15 3 0
github.com/owulveryck/toscalib/normative_definitions.go:453.16,455.3 1 0
github.com/owulveryck/toscalib/normative_definitions.go:464.48,469.2 1 0
github.com/owulveryck/toscalib/normative_definitions.go:471.43,473.16 2 0
github.com/owulveryck/toscalib/normative_definitions.go:477.2,479.15 3 0
github.com/owulveryck/toscalib/normative_definitions.go:473.16,475.3 1 0
github.com/owulveryck/toscalib/normative_definitions.go:484.52,489.2 1 0
github.com/owulveryck/toscalib/normative_definitions.go:491.47,493.16 2 0
github.com/owulveryck/toscalib/normative_definitions.go:497.2,499.15 3 0
github.com/owulveryck/toscalib/normative_definitions.go:493.16,495.3 1 0
github.com/owulveryck/toscalib/normative_definitions.go:504.53,509.2 1 0
github.com/owulveryck/toscalib/normative_definitions.go:511.48,513.16 2 0
github.com/owulveryck/toscalib/normative_definitions.go:517.2,519.15 3 0
github.com/owulveryck/toscalib/normative_definitions.go:513.16,515.3 1 0
github.com/owulveryck/toscalib/normative_definitions.go:524.44,529.2 1 0
github.com/owulveryck/toscalib/normative_definitions.go:531.39,533.16 2 0
github.com/owulveryck/toscalib/normative_definitions.go:537.2,539.15 3 0
github.com/owulveryck/toscalib/normative_definitions.go:533.16,535.3 1 0
github.com/owulveryck/toscalib/normative_definitions.go:544.57,549.2 1 0
github.com/owulveryck/toscalib/normative_definitions.go:551.52,553.16 2 0
github.com/owulveryck/toscalib/normative_definitions.go:557.2,559.15 3 0
github.com/owulveryck/toscalib/normative_definitions.go:553.16,555.3 1 0
github.com/owulveryck/toscalib/normative_definitions.go:564.54,569.2 1 0
github.com/owulveryck/toscalib/normative_definitions.go:571.49,573.16 2 0
github.com/owulveryck/toscalib/normative_definitions.go:577.2,579.15 3 0
github.com/owulveryck/toscalib/normative_definitions.go:573.16,575.3 1 0
github.com/owulveryck/toscalib/normative_definitions.go:584.49,589.2 1 0
github.com/owulveryck/toscalib/normative_definitions.go:591.44,593.16 2 0
github.com/owulveryck/toscalib/normative_definitions.go:597.2,599.15 3 0
github.com/owulveryck/toscalib/normative_definitions.go:593.16,595.3 1 0
github.com/owulveryck/toscalib/normative_definitions.go:604.58,609.2 1 0
github.com/owulveryck/toscalib/normative_definitions.go:611.53,613.16 2 0
github.com/owulveryck/toscalib/normative_definitions.go:617.2,619.15 3 0
github.com/owulveryck/toscalib/normative_definitions.go:613.16,615.3 1 0
github.com/owulveryck/toscalib/normative_definitions.go:624.58,629.2 1 0
github.com/owulveryck/toscalib/normative_definitions.go:631.53,633.16 2 0
github.com/owulveryck/toscalib/normative_definitions.go:637.2,639.15 3 0
github.com/owulveryck/toscalib/normative_definitions.go:633.16,635.3 1 0
github.com/owulveryck/toscalib/normative_definitions.go:644.57,649.2 1 0
github.com/owulveryck/toscalib/normative_definitions.go:651.52,653.16 2 0
github.com/owulveryck/toscalib/normative_definitions.go:657.2,659.15 3 0
github.com/owulveryck/toscalib/normative_definitions.go:653.16,655.3 1 0
github.com/owulveryck/toscalib/normative_definitions.go:664.56,669.2 1 0
github.com/owulveryck/toscalib/normative_definitions.go:671.51,673.16 2 0
github.com/owulveryck/toscalib/normative_definitions.go:677.2,679.15 3 0
github.com/owulveryck/toscalib/normative_definitions.go:673.16,675.3 1 0
github.com/owulveryck/toscalib/normative_definitions.go:684.52,689.2 1 0
github.com/owulveryck/toscalib/normative_definitions.go:691.47,693.16 2 0
github.com/owulveryck/toscalib/normative_definitions.go:697.2,699.15 3 0
github.com/owulveryck/toscalib/normative_definitions.go:693.16,695.3 1 0
github.com/owulveryck/toscalib/normative_definitions.go:704.56,709.2 1 0
github.com/owulveryck/toscalib/normative_definitions.go:711.51,713.16 2 0
github.com/owulveryck/toscalib/normative_definitions.go:717.2,719.15 3 0
github.com/owulveryck/toscalib/normative_definitions.go:713.16,715.3 1 0
github.com/owulveryck/toscalib/normative_definitions.go:725.41,727.43 2 0
github.com/owulveryck/toscalib/normative_definitions.go:734.2,734.52 1 0
github.com/owulveryck/toscalib/normative_definitions.go:727.43,729.17 2 0
github.com/owulveryck/toscalib/normative_definitions.go:732.3,732.22 1 0
github.com/owulveryck/toscalib/normative_definitions.go:729.17,731.4 1 0
github.com/owulveryck/toscalib/normative_definitions.go:739.36,741.18 2 0
github.com/owulveryck/toscalib/normative_definitions.go:745.2,745.10 1 0
github.com/owulveryck/toscalib/normative_definitions.go:741.18,742.54 1 0
github.com/owulveryck/toscalib/normative_definitions.go:751.50,753.43 2 0
github.com/owulveryck/toscalib/normative_definitions.go:760.2,760.56 1 0
github.com/owulveryck/toscalib/normative_definitions.go:753.43,755.17 2 0
github.com/owulveryck/toscalib/normative_definitions.go:758.3,758.21 1 0
github.com/owulveryck/toscalib/normative_definitions.go:755.17,757.4 1 0
github.com/owulveryck/toscalib/normative_definitions.go:764.28,766.29 2 0
github.com/owulveryck/toscalib/normative_definitions.go:769.2,769.14 1 0
github.com/owulveryck/toscalib/normative_definitions.go:766.29,768.3 1 0
github.com/owulveryck/toscalib/normative_definitions.go:820.46,822.20 2 0
github.com/owulveryck/toscalib/normative_definitions.go:832.2,832.22 1 0
github.com/owulveryck/toscalib/normative_definitions.go:835.2,836.39 2 0
github.com/owulveryck/toscalib/normative_definitions.go:839.2,839.16 1 0
github.com/owulveryck/toscalib/normative_definitions.go:822.20,825.30 3 0
github.com/owulveryck/toscalib/normative_definitions.go:825.30,827.19 2 0
github.com/owulveryck/toscalib/normative_definitions.go:827.19,829.5 1 0
github.com/owulveryck/toscalib/normative_definitions.go:832.22,834.3 1 0
github.com/owulveryck/toscalib/normative_definitions.go:836.39,838.3 1 0
github.com/owulveryck/toscalib/normative_definitions.go:912.43,914.23 2 0
github.com/owulveryck/toscalib/normative_definitions.go:917.9,918.23 2 0
github.com/owulveryck/toscalib/normative_definitions.go:921.9,922.23 2 0
github.com/owulveryck/toscalib/normative_definitions.go:925.9,926.23 2 0
github.com/owulveryck/toscalib/normative_definitions.go:929.9,930.23 2 0
github.com/owulveryck/toscalib/normative_definitions.go:933.9,933.19 1 0
github.com/owulveryck/toscalib/normative_definitions.go:914.23,916.10 1 0
github.com/owulveryck/toscalib/normative_definitions.go:918.23,920.10 1 0
github.com/owulveryck/toscalib/normative_definitions.go:922.23,924.10 1 0
github.com/owulveryck/toscalib/normative_definitions.go:926.23,928.10 1 0
github.com/owulveryck/toscalib/normative_definitions.go:930.23,932.10 1 0
github.com/owulveryck/toscalib/normative_definitions.go:937.44,940.23 2 0
github.com/owulveryck/toscalib/normative_definitions.go:944.9,944.40 1 0
github.com/owulveryck/toscalib/normative_definitions.go:950.9,950.19 1 0
github.com/owulveryck/toscalib/normative_definitions.go:940.23,942.10 1 0
github.com/owulveryck/toscalib/normative_definitions.go:944.40,946.31 2 0
github.com/owulveryck/toscalib/normative_definitions.go:946.31,948.18 1 0
github.com/owulveryck/toscalib/normative_definitions.go:953.41,956.2 2 0
github.com/owulveryck/toscalib/parser.go:16.57,16.83 1 0
github.com/owulveryck/toscalib/parser.go:19.56,19.86 1 1
github.com/owulveryck/toscalib/parser.go:22.69,22.99 1 1
github.com/owulveryck/toscalib/parser.go:23.69,23.99 1 1
github.com/owulveryck/toscalib/parser.go:24.69,24.99 1 1
github.com/owulveryck/toscalib/parser.go:25.69,25.99 1 1
github.com/owulveryck/toscalib/parser.go:26.69,26.99 1 1
github.com/owulveryck/toscalib/parser.go:27.69,27.99 1 1
github.com/owulveryck/toscalib/parser.go:28.69,28.99 1 0
github.com/owulveryck/toscalib/parser.go:29.69,29.99 1 0
github.com/owulveryck/toscalib/parser.go:33.87,34.80 1 1
github.com/owulveryck/toscalib/parser.go:39.2,39.12 1 0
github.com/owulveryck/toscalib/parser.go:34.80,35.23 1 1
github.com/owulveryck/toscalib/parser.go:35.23,37.4 1 1
github.com/owulveryck/toscalib/parser.go:44.68,50.75 4 1
github.com/owulveryck/toscalib/parser.go:57.2,57.83 1 1
github.com/owulveryck/toscalib/parser.go:115.2,116.12 2 1
github.com/owulveryck/toscalib/parser.go:50.75,55.3 3 1
github.com/owulveryck/toscalib/parser.go:57.83,61.37 3 1
github.com/owulveryck/toscalib/parser.go:113.3,113.26 1 1
github.com/owulveryck/toscalib/parser.go:61.37,62.68 1 1
github.com/owulveryck/toscalib/parser.go:62.68,63.68 1 1
github.com/owulveryck/toscalib/parser.go:63.68,67.72 3 1
github.com/owulveryck/toscalib/parser.go:74.6,74.38 1 1
github.com/owulveryck/toscalib/parser.go:67.72,69.23 2 1
github.com/owulveryck/toscalib/parser.go:69.23,70.13 1 1
github.com/owulveryck/toscalib/parser.go:74.38,98.7 12 1
github.com/owulveryck/toscalib/parser.go:98.7,108.7 7 1
github.com/owulveryck/toscalib/parser.go:120.65,124.16 4 1
github.com/owulveryck/toscalib/parser.go:129.2,130.16 2 1
github.com/owulveryck/toscalib/parser.go:134.2,134.73 1 1
github.com/owulveryck/toscalib/parser.go:164.2,166.16 3 1
github.com/owulveryck/toscalib/parser.go:169.2,169.12 1 1
github.com/owulveryck/toscalib/parser.go:124.16,126.3 1 0
github.com/owulveryck/toscalib/parser.go:130.16,132.3 1 0
github.com/owulveryck/toscalib/parser.go:134.73,137.3 2 1
github.com/owulveryck/toscalib/parser.go:166.16,168.3 1 0
